CRITICAL - 2021-12-02 00:22:35 --> Undefined index: image
#0 C:\wamp64\www\project1\app\Views\employee\detells.php(131): CodeIgniter\Debug\Exceptions->errorHandler(8, 'Undefined index...', 'C:\\wamp64\\www\\p...', 131, Array)
#1 C:\wamp64\www\project1\system\View\View.php(214): include('C:\\wamp64\\www\\p...')
#2 C:\wamp64\www\project1\system\View\View.php(217): CodeIgniter\View\View->CodeIgniter\View\{closure}()
#3 C:\wamp64\www\project1\system\Common.php(1097): CodeIgniter\View\View->render('employee/detell...', Array, true)
#4 C:\wamp64\www\project1\app\Controllers\EmployeeController.php(47): view('employee/detell...', Array)
#5 C:\wamp64\www\project1\system\CodeIgniter.php(824): App\Controllers\EmployeeController->detells()
#6 C:\wamp64\www\project1\system\CodeIgniter.php(410): CodeIgniter\CodeIgniter->runController(Object(App\Controllers\EmployeeController))
#7 C:\wamp64\www\project1\system\CodeIgniter.php(318): CodeIgniter\CodeIgniter->handleRequest(NULL, Object(Config\Cache), false)
#8 C:\wamp64\www\project1\public\index.php(37): CodeIgniter\CodeIgniter->run()
#9 C:\wamp64\www\project1\system\Commands\Server\rewrite.php(43): require_once('C:\\wamp64\\www\\p...')
#10 {main}
CRITICAL - 2021-12-02 00:24:04 --> Undefined index: image
#0 C:\wamp64\www\project1\app\Views\employee\detells.php(131): CodeIgniter\Debug\Exceptions->errorHandler(8, 'Undefined index...', 'C:\\wamp64\\www\\p...', 131, Array)
#1 C:\wamp64\www\project1\system\View\View.php(214): include('C:\\wamp64\\www\\p...')
#2 C:\wamp64\www\project1\system\View\View.php(217): CodeIgniter\View\View->CodeIgniter\View\{closure}()
#3 C:\wamp64\www\project1\system\Common.php(1097): CodeIgniter\View\View->render('employee/detell...', Array, true)
#4 C:\wamp64\www\project1\app\Controllers\EmployeeController.php(47): view('employee/detell...', Array)
#5 C:\wamp64\www\project1\system\CodeIgniter.php(824): App\Controllers\EmployeeController->detells()
#6 C:\wamp64\www\project1\system\CodeIgniter.php(410): CodeIgniter\CodeIgniter->runController(Object(App\Controllers\EmployeeController))
#7 C:\wamp64\www\project1\system\CodeIgniter.php(318): CodeIgniter\CodeIgniter->handleRequest(NULL, Object(Config\Cache), false)
#8 C:\wamp64\www\project1\public\index.php(37): CodeIgniter\CodeIgniter->run()
#9 C:\wamp64\www\project1\system\Commands\Server\rewrite.php(43): require_once('C:\\wamp64\\www\\p...')
#10 {main}
CRITICAL - 2021-12-02 00:26:52 --> Undefined index: image
#0 C:\wamp64\www\project1\app\Views\employee\detells.php(131): CodeIgniter\Debug\Exceptions->errorHandler(8, 'Undefined index...', 'C:\\wamp64\\www\\p...', 131, Array)
#1 C:\wamp64\www\project1\system\View\View.php(214): include('C:\\wamp64\\www\\p...')
#2 C:\wamp64\www\project1\system\View\View.php(217): CodeIgniter\View\View->CodeIgniter\View\{closure}()
#3 C:\wamp64\www\project1\system\Common.php(1097): CodeIgniter\View\View->render('employee/detell...', Array, true)
#4 C:\wamp64\www\project1\app\Controllers\EmployeeController.php(47): view('employee/detell...', Array)
#5 C:\wamp64\www\project1\system\CodeIgniter.php(824): App\Controllers\EmployeeController->detells()
#6 C:\wamp64\www\project1\system\CodeIgniter.php(410): CodeIgniter\CodeIgniter->runController(Object(App\Controllers\EmployeeController))
#7 C:\wamp64\www\project1\system\CodeIgniter.php(318): CodeIgniter\CodeIgniter->handleRequest(NULL, Object(Config\Cache), false)
#8 C:\wamp64\www\project1\public\index.php(37): CodeIgniter\CodeIgniter->run()
#9 C:\wamp64\www\project1\system\Commands\Server\rewrite.php(43): require_once('C:\\wamp64\\www\\p...')
#10 {main}
CRITICAL - 2021-12-02 01:32:12 --> Invalid file: employee/detells.php
#0 C:\wamp64\www\project1\system\View\View.php(198): CodeIgniter\Exceptions\FrameworkException::forInvalidFile('employee/detell...')
#1 C:\wamp64\www\project1\system\Common.php(1097): CodeIgniter\View\View->render('employee/detell...', Array, true)
#2 C:\wamp64\www\project1\app\Controllers\EmployeeController.php(47): view('employee/detell...', Array)
#3 C:\wamp64\www\project1\system\CodeIgniter.php(824): App\Controllers\EmployeeController->detail('16')
#4 C:\wamp64\www\project1\system\CodeIgniter.php(410): CodeIgniter\CodeIgniter->runController(Object(App\Controllers\EmployeeController))
#5 C:\wamp64\www\project1\system\CodeIgniter.php(318): CodeIgniter\CodeIgniter->handleRequest(NULL, Object(Config\Cache), false)
#6 C:\wamp64\www\project1\public\index.php(37): CodeIgniter\CodeIgniter->run()
#7 C:\wamp64\www\project1\system\Commands\Server\rewrite.php(43): require_once('C:\\wamp64\\www\\p...')
#8 {main}
CRITICAL - 2021-12-02 01:32:46 --> Invalid file: employee/detells.php
#0 C:\wamp64\www\project1\system\View\View.php(198): CodeIgniter\Exceptions\FrameworkException::forInvalidFile('employee/detell...')
#1 C:\wamp64\www\project1\system\Common.php(1097): CodeIgniter\View\View->render('employee/detell...', Array, true)
#2 C:\wamp64\www\project1\app\Controllers\EmployeeController.php(47): view('employee/detell...', Array)
#3 C:\wamp64\www\project1\system\CodeIgniter.php(824): App\Controllers\EmployeeController->detail('16')
#4 C:\wamp64\www\project1\system\CodeIgniter.php(410): CodeIgniter\CodeIgniter->runController(Object(App\Controllers\EmployeeController))
#5 C:\wamp64\www\project1\system\CodeIgniter.php(318): CodeIgniter\CodeIgniter->handleRequest(NULL, Object(Config\Cache), false)
#6 C:\wamp64\www\project1\public\index.php(37): CodeIgniter\CodeIgniter->run()
#7 C:\wamp64\www\project1\system\Commands\Server\rewrite.php(43): require_once('C:\\wamp64\\www\\p...')
#8 {main}
CRITICAL - 2021-12-02 01:32:59 --> Invalid file: employee/detells.php
#0 C:\wamp64\www\project1\system\View\View.php(198): CodeIgniter\Exceptions\FrameworkException::forInvalidFile('employee/detell...')
#1 C:\wamp64\www\project1\system\Common.php(1097): CodeIgniter\View\View->render('employee/detell...', Array, true)
#2 C:\wamp64\www\project1\app\Controllers\EmployeeController.php(47): view('employee/detell...', Array)
#3 C:\wamp64\www\project1\system\CodeIgniter.php(824): App\Controllers\EmployeeController->detail('18')
#4 C:\wamp64\www\project1\system\CodeIgniter.php(410): CodeIgniter\CodeIgniter->runController(Object(App\Controllers\EmployeeController))
#5 C:\wamp64\www\project1\system\CodeIgniter.php(318): CodeIgniter\CodeIgniter->handleRequest(NULL, Object(Config\Cache), false)
#6 C:\wamp64\www\project1\public\index.php(37): CodeIgniter\CodeIgniter->run()
#7 C:\wamp64\www\project1\system\Commands\Server\rewrite.php(43): require_once('C:\\wamp64\\www\\p...')
#8 {main}
CRITICAL - 2021-12-02 01:42:53 --> Illegal string offset 'image'
#0 C:\wamp64\www\project1\app\Views\employee\detail.php(147): CodeIgniter\Debug\Exceptions->errorHandler(2, 'Illegal string ...', 'C:\\wamp64\\www\\p...', 147, Array)
#1 C:\wamp64\www\project1\system\View\View.php(214): include('C:\\wamp64\\www\\p...')
#2 C:\wamp64\www\project1\system\View\View.php(217): CodeIgniter\View\View->CodeIgniter\View\{closure}()
#3 C:\wamp64\www\project1\system\Common.php(1097): CodeIgniter\View\View->render('employee/detail', Array, true)
#4 C:\wamp64\www\project1\app\Controllers\EmployeeController.php(47): view('employee/detail', Array)
#5 C:\wamp64\www\project1\system\CodeIgniter.php(824): App\Controllers\EmployeeController->detail('18')
#6 C:\wamp64\www\project1\system\CodeIgniter.php(410): CodeIgniter\CodeIgniter->runController(Object(App\Controllers\EmployeeController))
#7 C:\wamp64\www\project1\system\CodeIgniter.php(318): CodeIgniter\CodeIgniter->handleRequest(NULL, Object(Config\Cache), false)
#8 C:\wamp64\www\project1\public\index.php(37): CodeIgniter\CodeIgniter->run()
#9 C:\wamp64\www\project1\system\Commands\Server\rewrite.php(43): require_once('C:\\wamp64\\www\\p...')
#10 {main}
CRITICAL - 2021-12-02 01:43:02 --> Illegal string offset 'image'
#0 C:\wamp64\www\project1\app\Views\employee\detail.php(147): CodeIgniter\Debug\Exceptions->errorHandler(2, 'Illegal string ...', 'C:\\wamp64\\www\\p...', 147, Array)
#1 C:\wamp64\www\project1\system\View\View.php(214): include('C:\\wamp64\\www\\p...')
#2 C:\wamp64\www\project1\system\View\View.php(217): CodeIgniter\View\View->CodeIgniter\View\{closure}()
#3 C:\wamp64\www\project1\system\Common.php(1097): CodeIgniter\View\View->render('employee/detail', Array, true)
#4 C:\wamp64\www\project1\app\Controllers\EmployeeController.php(47): view('employee/detail', Array)
#5 C:\wamp64\www\project1\system\CodeIgniter.php(824): App\Controllers\EmployeeController->detail('18')
#6 C:\wamp64\www\project1\system\CodeIgniter.php(410): CodeIgniter\CodeIgniter->runController(Object(App\Controllers\EmployeeController))
#7 C:\wamp64\www\project1\system\CodeIgniter.php(318): CodeIgniter\CodeIgniter->handleRequest(NULL, Object(Config\Cache), false)
#8 C:\wamp64\www\project1\public\index.php(37): CodeIgniter\CodeIgniter->run()
#9 C:\wamp64\www\project1\system\Commands\Server\rewrite.php(43): require_once('C:\\wamp64\\www\\p...')
#10 {main}
CRITICAL - 2021-12-02 02:01:01 --> Undefined variable: row
#0 C:\wamp64\www\project1\app\Views\employee\detail.php(152): CodeIgniter\Debug\Exceptions->errorHandler(8, 'Undefined varia...', 'C:\\wamp64\\www\\p...', 152, Array)
#1 C:\wamp64\www\project1\system\View\View.php(214): include('C:\\wamp64\\www\\p...')
#2 C:\wamp64\www\project1\system\View\View.php(217): CodeIgniter\View\View->CodeIgniter\View\{closure}()
#3 C:\wamp64\www\project1\system\Common.php(1097): CodeIgniter\View\View->render('employee/detail', Array, true)
#4 C:\wamp64\www\project1\app\Controllers\EmployeeController.php(47): view('employee/detail', Array)
#5 C:\wamp64\www\project1\system\CodeIgniter.php(824): App\Controllers\EmployeeController->detail('16')
#6 C:\wamp64\www\project1\system\CodeIgniter.php(410): CodeIgniter\CodeIgniter->runController(Object(App\Controllers\EmployeeController))
#7 C:\wamp64\www\project1\system\CodeIgniter.php(318): CodeIgniter\CodeIgniter->handleRequest(NULL, Object(Config\Cache), false)
#8 C:\wamp64\www\project1\public\index.php(37): CodeIgniter\CodeIgniter->run()
#9 C:\wamp64\www\project1\system\Commands\Server\rewrite.php(43): require_once('C:\\wamp64\\www\\p...')
#10 {main}
CRITICAL - 2021-12-02 02:02:55 --> Undefined variable: row
#0 C:\wamp64\www\project1\app\Views\employee\detail.php(152): CodeIgniter\Debug\Exceptions->errorHandler(8, 'Undefined varia...', 'C:\\wamp64\\www\\p...', 152, Array)
#1 C:\wamp64\www\project1\system\View\View.php(214): include('C:\\wamp64\\www\\p...')
#2 C:\wamp64\www\project1\system\View\View.php(217): CodeIgniter\View\View->CodeIgniter\View\{closure}()
#3 C:\wamp64\www\project1\system\Common.php(1097): CodeIgniter\View\View->render('employee/detail', Array, true)
#4 C:\wamp64\www\project1\app\Controllers\EmployeeController.php(47): view('employee/detail', Array)
#5 C:\wamp64\www\project1\system\CodeIgniter.php(824): App\Controllers\EmployeeController->detail('16')
#6 C:\wamp64\www\project1\system\CodeIgniter.php(410): CodeIgniter\CodeIgniter->runController(Object(App\Controllers\EmployeeController))
#7 C:\wamp64\www\project1\system\CodeIgniter.php(318): CodeIgniter\CodeIgniter->handleRequest(NULL, Object(Config\Cache), false)
#8 C:\wamp64\www\project1\public\index.php(37): CodeIgniter\CodeIgniter->run()
#9 C:\wamp64\www\project1\system\Commands\Server\rewrite.php(43): require_once('C:\\wamp64\\www\\p...')
#10 {main}
CRITICAL - 2021-12-02 02:02:56 --> Undefined variable: row
#0 C:\wamp64\www\project1\app\Views\employee\detail.php(152): CodeIgniter\Debug\Exceptions->errorHandler(8, 'Undefined varia...', 'C:\\wamp64\\www\\p...', 152, Array)
#1 C:\wamp64\www\project1\system\View\View.php(214): include('C:\\wamp64\\www\\p...')
#2 C:\wamp64\www\project1\system\View\View.php(217): CodeIgniter\View\View->CodeIgniter\View\{closure}()
#3 C:\wamp64\www\project1\system\Common.php(1097): CodeIgniter\View\View->render('employee/detail', Array, true)
#4 C:\wamp64\www\project1\app\Controllers\EmployeeController.php(47): view('employee/detail', Array)
#5 C:\wamp64\www\project1\system\CodeIgniter.php(824): App\Controllers\EmployeeController->detail('16')
#6 C:\wamp64\www\project1\system\CodeIgniter.php(410): CodeIgniter\CodeIgniter->runController(Object(App\Controllers\EmployeeController))
#7 C:\wamp64\www\project1\system\CodeIgniter.php(318): CodeIgniter\CodeIgniter->handleRequest(NULL, Object(Config\Cache), false)
#8 C:\wamp64\www\project1\public\index.php(37): CodeIgniter\CodeIgniter->run()
#9 C:\wamp64\www\project1\system\Commands\Server\rewrite.php(43): require_once('C:\\wamp64\\www\\p...')
#10 {main}
CRITICAL - 2021-12-02 02:14:42 --> Undefined variable: row
#0 C:\wamp64\www\project1\app\Views\employee\detail.php(159): CodeIgniter\Debug\Exceptions->errorHandler(8, 'Undefined varia...', 'C:\\wamp64\\www\\p...', 159, Array)
#1 C:\wamp64\www\project1\system\View\View.php(214): include('C:\\wamp64\\www\\p...')
#2 C:\wamp64\www\project1\system\View\View.php(217): CodeIgniter\View\View->CodeIgniter\View\{closure}()
#3 C:\wamp64\www\project1\system\Common.php(1097): CodeIgniter\View\View->render('employee/detail', Array, true)
#4 C:\wamp64\www\project1\app\Controllers\EmployeeController.php(47): view('employee/detail', Array)
#5 C:\wamp64\www\project1\system\CodeIgniter.php(824): App\Controllers\EmployeeController->detail('16')
#6 C:\wamp64\www\project1\system\CodeIgniter.php(410): CodeIgniter\CodeIgniter->runController(Object(App\Controllers\EmployeeController))
#7 C:\wamp64\www\project1\system\CodeIgniter.php(318): CodeIgniter\CodeIgniter->handleRequest(NULL, Object(Config\Cache), false)
#8 C:\wamp64\www\project1\public\index.php(37): CodeIgniter\CodeIgniter->run()
#9 C:\wamp64\www\project1\system\Commands\Server\rewrite.php(43): require_once('C:\\wamp64\\www\\p...')
#10 {main}
CRITICAL - 2021-12-02 02:14:43 --> Undefined variable: row
#0 C:\wamp64\www\project1\app\Views\employee\detail.php(159): CodeIgniter\Debug\Exceptions->errorHandler(8, 'Undefined varia...', 'C:\\wamp64\\www\\p...', 159, Array)
#1 C:\wamp64\www\project1\system\View\View.php(214): include('C:\\wamp64\\www\\p...')
#2 C:\wamp64\www\project1\system\View\View.php(217): CodeIgniter\View\View->CodeIgniter\View\{closure}()
#3 C:\wamp64\www\project1\system\Common.php(1097): CodeIgniter\View\View->render('employee/detail', Array, true)
#4 C:\wamp64\www\project1\app\Controllers\EmployeeController.php(47): view('employee/detail', Array)
#5 C:\wamp64\www\project1\system\CodeIgniter.php(824): App\Controllers\EmployeeController->detail('16')
#6 C:\wamp64\www\project1\system\CodeIgniter.php(410): CodeIgniter\CodeIgniter->runController(Object(App\Controllers\EmployeeController))
#7 C:\wamp64\www\project1\system\CodeIgniter.php(318): CodeIgniter\CodeIgniter->handleRequest(NULL, Object(Config\Cache), false)
#8 C:\wamp64\www\project1\public\index.php(37): CodeIgniter\CodeIgniter->run()
#9 C:\wamp64\www\project1\system\Commands\Server\rewrite.php(43): require_once('C:\\wamp64\\www\\p...')
#10 {main}
CRITICAL - 2021-12-02 02:18:00 --> Undefined variable: row
#0 C:\wamp64\www\project1\app\Views\employee\detail.php(159): CodeIgniter\Debug\Exceptions->errorHandler(8, 'Undefined varia...', 'C:\\wamp64\\www\\p...', 159, Array)
#1 C:\wamp64\www\project1\system\View\View.php(214): include('C:\\wamp64\\www\\p...')
#2 C:\wamp64\www\project1\system\View\View.php(217): CodeIgniter\View\View->CodeIgniter\View\{closure}()
#3 C:\wamp64\www\project1\system\Common.php(1097): CodeIgniter\View\View->render('employee/detail', Array, true)
#4 C:\wamp64\www\project1\app\Controllers\EmployeeController.php(47): view('employee/detail', Array)
#5 C:\wamp64\www\project1\system\CodeIgniter.php(824): App\Controllers\EmployeeController->detail('16')
#6 C:\wamp64\www\project1\system\CodeIgniter.php(410): CodeIgniter\CodeIgniter->runController(Object(App\Controllers\EmployeeController))
#7 C:\wamp64\www\project1\system\CodeIgniter.php(318): CodeIgniter\CodeIgniter->handleRequest(NULL, Object(Config\Cache), false)
#8 C:\wamp64\www\project1\public\index.php(37): CodeIgniter\CodeIgniter->run()
#9 C:\wamp64\www\project1\system\Commands\Server\rewrite.php(43): require_once('C:\\wamp64\\www\\p...')
#10 {main}
CRITICAL - 2021-12-02 02:20:18 --> Undefined variable: row
#0 C:\wamp64\www\project1\app\Views\employee\detail.php(153): CodeIgniter\Debug\Exceptions->errorHandler(8, 'Undefined varia...', 'C:\\wamp64\\www\\p...', 153, Array)
#1 C:\wamp64\www\project1\system\View\View.php(214): include('C:\\wamp64\\www\\p...')
#2 C:\wamp64\www\project1\system\View\View.php(217): CodeIgniter\View\View->CodeIgniter\View\{closure}()
#3 C:\wamp64\www\project1\system\Common.php(1097): CodeIgniter\View\View->render('employee/detail', Array, true)
#4 C:\wamp64\www\project1\app\Controllers\EmployeeController.php(47): view('employee/detail', Array)
#5 C:\wamp64\www\project1\system\CodeIgniter.php(824): App\Controllers\EmployeeController->detail('18')
#6 C:\wamp64\www\project1\system\CodeIgniter.php(410): CodeIgniter\CodeIgniter->runController(Object(App\Controllers\EmployeeController))
#7 C:\wamp64\www\project1\system\CodeIgniter.php(318): CodeIgniter\CodeIgniter->handleRequest(NULL, Object(Config\Cache), false)
#8 C:\wamp64\www\project1\public\index.php(37): CodeIgniter\CodeIgniter->run()
#9 C:\wamp64\www\project1\system\Commands\Server\rewrite.php(43): require_once('C:\\wamp64\\www\\p...')
#10 {main}
