CRITICAL - 2021-12-01 13:43:32 --> Too few arguments to function App\Controllers\EmployeeController::detells(), 0 passed in C:\wamp64\www\project1\system\CodeIgniter.php on line 824 and exactly 1 expected
#0 C:\wamp64\www\project1\system\CodeIgniter.php(824): App\Controllers\EmployeeController->detells()
#1 C:\wamp64\www\project1\system\CodeIgniter.php(410): CodeIgniter\CodeIgniter->runController(Object(App\Controllers\EmployeeController))
#2 C:\wamp64\www\project1\system\CodeIgniter.php(318): CodeIgniter\CodeIgniter->handleRequest(NULL, Object(Config\Cache), false)
#3 C:\wamp64\www\project1\public\index.php(37): CodeIgniter\CodeIgniter->run()
#4 C:\wamp64\www\project1\system\Commands\Server\rewrite.php(43): require_once('C:\\wamp64\\www\\p...')
#5 {main}
CRITICAL - 2021-12-01 13:43:49 --> Undefined index: image
#0 C:\wamp64\www\project1\app\Views\employee\detells.php(131): CodeIgniter\Debug\Exceptions->errorHandler(8, 'Undefined index...', 'C:\\wamp64\\www\\p...', 131, Array)
#1 C:\wamp64\www\project1\system\View\View.php(214): include('C:\\wamp64\\www\\p...')
#2 C:\wamp64\www\project1\system\View\View.php(217): CodeIgniter\View\View->CodeIgniter\View\{closure}()
#3 C:\wamp64\www\project1\system\Common.php(1097): CodeIgniter\View\View->render('employee/detell...', Array, true)
#4 C:\wamp64\www\project1\app\Controllers\EmployeeController.php(47): view('employee/detell...', Array)
#5 C:\wamp64\www\project1\system\CodeIgniter.php(824): App\Controllers\EmployeeController->detells()
#6 C:\wamp64\www\project1\system\CodeIgniter.php(410): CodeIgniter\CodeIgniter->runController(Object(App\Controllers\EmployeeController))
#7 C:\wamp64\www\project1\system\CodeIgniter.php(318): CodeIgniter\CodeIgniter->handleRequest(NULL, Object(Config\Cache), false)
#8 C:\wamp64\www\project1\public\index.php(37): CodeIgniter\CodeIgniter->run()
#9 C:\wamp64\www\project1\system\Commands\Server\rewrite.php(43): require_once('C:\\wamp64\\www\\p...')
#10 {main}
CRITICAL - 2021-12-01 13:43:54 --> Undefined index: image
#0 C:\wamp64\www\project1\app\Views\employee\detells.php(131): CodeIgniter\Debug\Exceptions->errorHandler(8, 'Undefined index...', 'C:\\wamp64\\www\\p...', 131, Array)
#1 C:\wamp64\www\project1\system\View\View.php(214): include('C:\\wamp64\\www\\p...')
#2 C:\wamp64\www\project1\system\View\View.php(217): CodeIgniter\View\View->CodeIgniter\View\{closure}()
#3 C:\wamp64\www\project1\system\Common.php(1097): CodeIgniter\View\View->render('employee/detell...', Array, true)
#4 C:\wamp64\www\project1\app\Controllers\EmployeeController.php(47): view('employee/detell...', Array)
#5 C:\wamp64\www\project1\system\CodeIgniter.php(824): App\Controllers\EmployeeController->detells()
#6 C:\wamp64\www\project1\system\CodeIgniter.php(410): CodeIgniter\CodeIgniter->runController(Object(App\Controllers\EmployeeController))
#7 C:\wamp64\www\project1\system\CodeIgniter.php(318): CodeIgniter\CodeIgniter->handleRequest(NULL, Object(Config\Cache), false)
#8 C:\wamp64\www\project1\public\index.php(37): CodeIgniter\CodeIgniter->run()
#9 C:\wamp64\www\project1\system\Commands\Server\rewrite.php(43): require_once('C:\\wamp64\\www\\p...')
#10 {main}
