ERROR - 2021-11-28 00:25:22 --> Column 'first_name' cannot be null
CRITICAL - 2021-11-28 00:25:22 --> Column 'first_name' cannot be null
#0 C:\wamp64\www\project1\system\Database\MySQLi\Connection.php(292): mysqli->query('INSERT INTO `em...', 0)
#1 C:\wamp64\www\project1\system\Database\BaseConnection.php(670): CodeIgniter\Database\MySQLi\Connection->execute('INSERT INTO `em...')
#2 C:\wamp64\www\project1\system\Database\BaseConnection.php(598): CodeIgniter\Database\BaseConnection->simpleQuery('INSERT INTO `em...')
#3 C:\wamp64\www\project1\system\Database\BaseBuilder.php(1759): CodeIgniter\Database\BaseConnection->query('INSERT INTO `em...', Array, false)
#4 C:\wamp64\www\project1\system\Model.php(239): CodeIgniter\Database\BaseBuilder->insert()
#5 C:\wamp64\www\project1\system\BaseModel.php(738): CodeIgniter\Model->doInsert(Array)
#6 C:\wamp64\www\project1\system\Model.php(620): CodeIgniter\BaseModel->insert(Array, false)
#7 C:\wamp64\www\project1\system\BaseModel.php(658): CodeIgniter\Model->insert(Array, false)
#8 C:\wamp64\www\project1\app\Controllers\EmployeeController.php(31): CodeIgniter\BaseModel->save(Array)
#9 C:\wamp64\www\project1\system\CodeIgniter.php(824): App\Controllers\EmployeeController->store()
#10 C:\wamp64\www\project1\system\CodeIgniter.php(410): CodeIgniter\CodeIgniter->runController(Object(App\Controllers\EmployeeController))
#11 C:\wamp64\www\project1\system\CodeIgniter.php(318): CodeIgniter\CodeIgniter->handleRequest(NULL, Object(Config\Cache), false)
#12 C:\wamp64\www\project1\public\index.php(37): CodeIgniter\CodeIgniter->run()
#13 C:\wamp64\www\project1\system\Commands\Server\rewrite.php(43): require_once('C:\\wamp64\\www\\p...')
#14 {main}
ERROR - 2021-11-28 00:38:04 --> Error connecting to the database: No connection could be made because the target machine actively refused it.

CRITICAL - 2021-11-28 00:38:04 --> Unable to connect to the database.
Main connection [MySQLi]: No connection could be made because the target machine actively refused it.

#0 C:\wamp64\www\project1\system\Database\BaseConnection.php(577): CodeIgniter\Database\BaseConnection->initialize()
#1 C:\wamp64\www\project1\system\Database\BaseBuilder.php(1443): CodeIgniter\Database\BaseConnection->query('SELECT *\nFROM `...', Array, false)
#2 C:\wamp64\www\project1\system\Model.php(183): CodeIgniter\Database\BaseBuilder->get()
#3 C:\wamp64\www\project1\system\BaseModel.php(584): CodeIgniter\Model->doFindAll(0, 0)
#4 C:\wamp64\www\project1\app\Controllers\EmployeeController.php(8): CodeIgniter\BaseModel->findAll()
#5 C:\wamp64\www\project1\system\CodeIgniter.php(824): App\Controllers\EmployeeController->index()
#6 C:\wamp64\www\project1\system\CodeIgniter.php(410): CodeIgniter\CodeIgniter->runController(Object(App\Controllers\EmployeeController))
#7 C:\wamp64\www\project1\system\CodeIgniter.php(318): CodeIgniter\CodeIgniter->handleRequest(NULL, Object(Config\Cache), false)
#8 C:\wamp64\www\project1\public\index.php(37): CodeIgniter\CodeIgniter->run()
#9 C:\wamp64\www\project1\system\Commands\Server\rewrite.php(43): require_once('C:\\wamp64\\www\\p...')
#10 {main}
ERROR - 2021-11-28 00:38:12 --> Error connecting to the database: No connection could be made because the target machine actively refused it.

CRITICAL - 2021-11-28 00:38:12 --> Unable to connect to the database.
Main connection [MySQLi]: No connection could be made because the target machine actively refused it.

#0 C:\wamp64\www\project1\system\Database\BaseConnection.php(577): CodeIgniter\Database\BaseConnection->initialize()
#1 C:\wamp64\www\project1\system\Database\BaseBuilder.php(1443): CodeIgniter\Database\BaseConnection->query('SELECT *\nFROM `...', Array, false)
#2 C:\wamp64\www\project1\system\Model.php(183): CodeIgniter\Database\BaseBuilder->get()
#3 C:\wamp64\www\project1\system\BaseModel.php(584): CodeIgniter\Model->doFindAll(0, 0)
#4 C:\wamp64\www\project1\app\Controllers\EmployeeController.php(8): CodeIgniter\BaseModel->findAll()
#5 C:\wamp64\www\project1\system\CodeIgniter.php(824): App\Controllers\EmployeeController->index()
#6 C:\wamp64\www\project1\system\CodeIgniter.php(410): CodeIgniter\CodeIgniter->runController(Object(App\Controllers\EmployeeController))
#7 C:\wamp64\www\project1\system\CodeIgniter.php(318): CodeIgniter\CodeIgniter->handleRequest(NULL, Object(Config\Cache), false)
#8 C:\wamp64\www\project1\public\index.php(37): CodeIgniter\CodeIgniter->run()
#9 C:\wamp64\www\project1\system\Commands\Server\rewrite.php(43): require_once('C:\\wamp64\\www\\p...')
#10 {main}
ERROR - 2021-11-28 00:39:15 --> Error connecting to the database: No connection could be made because the target machine actively refused it.

CRITICAL - 2021-11-28 00:39:15 --> Unable to connect to the database.
Main connection [MySQLi]: No connection could be made because the target machine actively refused it.

#0 C:\wamp64\www\project1\system\Database\BaseConnection.php(577): CodeIgniter\Database\BaseConnection->initialize()
#1 C:\wamp64\www\project1\system\Database\BaseBuilder.php(1443): CodeIgniter\Database\BaseConnection->query('SELECT *\nFROM `...', Array, false)
#2 C:\wamp64\www\project1\system\Model.php(183): CodeIgniter\Database\BaseBuilder->get()
#3 C:\wamp64\www\project1\system\BaseModel.php(584): CodeIgniter\Model->doFindAll(0, 0)
#4 C:\wamp64\www\project1\app\Controllers\EmployeeController.php(8): CodeIgniter\BaseModel->findAll()
#5 C:\wamp64\www\project1\system\CodeIgniter.php(824): App\Controllers\EmployeeController->index()
#6 C:\wamp64\www\project1\system\CodeIgniter.php(410): CodeIgniter\CodeIgniter->runController(Object(App\Controllers\EmployeeController))
#7 C:\wamp64\www\project1\system\CodeIgniter.php(318): CodeIgniter\CodeIgniter->handleRequest(NULL, Object(Config\Cache), false)
#8 C:\wamp64\www\project1\public\index.php(37): CodeIgniter\CodeIgniter->run()
#9 C:\wamp64\www\project1\system\Commands\Server\rewrite.php(43): require_once('C:\\wamp64\\www\\p...')
#10 {main}
ERROR - 2021-11-28 00:39:44 --> Error connecting to the database: No connection could be made because the target machine actively refused it.

CRITICAL - 2021-11-28 00:39:44 --> Unable to connect to the database.
Main connection [MySQLi]: No connection could be made because the target machine actively refused it.

#0 C:\wamp64\www\project1\system\Database\BaseConnection.php(577): CodeIgniter\Database\BaseConnection->initialize()
#1 C:\wamp64\www\project1\system\Database\BaseBuilder.php(1443): CodeIgniter\Database\BaseConnection->query('SELECT *\nFROM `...', Array, false)
#2 C:\wamp64\www\project1\system\Model.php(183): CodeIgniter\Database\BaseBuilder->get()
#3 C:\wamp64\www\project1\system\BaseModel.php(584): CodeIgniter\Model->doFindAll(0, 0)
#4 C:\wamp64\www\project1\app\Controllers\EmployeeController.php(8): CodeIgniter\BaseModel->findAll()
#5 C:\wamp64\www\project1\system\CodeIgniter.php(824): App\Controllers\EmployeeController->index()
#6 C:\wamp64\www\project1\system\CodeIgniter.php(410): CodeIgniter\CodeIgniter->runController(Object(App\Controllers\EmployeeController))
#7 C:\wamp64\www\project1\system\CodeIgniter.php(318): CodeIgniter\CodeIgniter->handleRequest(NULL, Object(Config\Cache), false)
#8 C:\wamp64\www\project1\public\index.php(37): CodeIgniter\CodeIgniter->run()
#9 C:\wamp64\www\project1\system\Commands\Server\rewrite.php(43): require_once('C:\\wamp64\\www\\p...')
#10 {main}
CRITICAL - 2021-11-28 01:14:25 --> syntax error, unexpected '?>', expecting function (T_FUNCTION) or const (T_CONST)
#0 C:\wamp64\www\project1\system\Autoloader\Autoloader.php(241): CodeIgniter\Autoloader\Autoloader->includeFile('C:\\wamp64\\www\\p...')
#1 C:\wamp64\www\project1\system\Autoloader\Autoloader.php(219): CodeIgniter\Autoloader\Autoloader->loadInNamespace('App\\Controllers...')
#2 [internal function]: CodeIgniter\Autoloader\Autoloader->loadClass('App\\Controllers...')
#3 [internal function]: spl_autoload_call('App\\Controllers...')
#4 C:\wamp64\www\project1\system\CodeIgniter.php(789): class_exists('\\App\\Controller...', true)
#5 C:\wamp64\www\project1\system\CodeIgniter.php(397): CodeIgniter\CodeIgniter->startController()
#6 C:\wamp64\www\project1\system\CodeIgniter.php(318): CodeIgniter\CodeIgniter->handleRequest(NULL, Object(Config\Cache), false)
#7 C:\wamp64\www\project1\public\index.php(37): CodeIgniter\CodeIgniter->run()
#8 C:\wamp64\www\project1\system\Commands\Server\rewrite.php(43): require_once('C:\\wamp64\\www\\p...')
#9 {main}
CRITICAL - 2021-11-28 01:14:29 --> syntax error, unexpected '?>', expecting function (T_FUNCTION) or const (T_CONST)
#0 C:\wamp64\www\project1\system\Autoloader\Autoloader.php(241): CodeIgniter\Autoloader\Autoloader->includeFile('C:\\wamp64\\www\\p...')
#1 C:\wamp64\www\project1\system\Autoloader\Autoloader.php(219): CodeIgniter\Autoloader\Autoloader->loadInNamespace('App\\Controllers...')
#2 [internal function]: CodeIgniter\Autoloader\Autoloader->loadClass('App\\Controllers...')
#3 [internal function]: spl_autoload_call('App\\Controllers...')
#4 C:\wamp64\www\project1\system\CodeIgniter.php(789): class_exists('\\App\\Controller...', true)
#5 C:\wamp64\www\project1\system\CodeIgniter.php(397): CodeIgniter\CodeIgniter->startController()
#6 C:\wamp64\www\project1\system\CodeIgniter.php(318): CodeIgniter\CodeIgniter->handleRequest(NULL, Object(Config\Cache), false)
#7 C:\wamp64\www\project1\public\index.php(37): CodeIgniter\CodeIgniter->run()
#8 C:\wamp64\www\project1\system\Commands\Server\rewrite.php(43): require_once('C:\\wamp64\\www\\p...')
#9 {main}
CRITICAL - 2021-11-28 01:14:32 --> syntax error, unexpected '?>', expecting function (T_FUNCTION) or const (T_CONST)
#0 C:\wamp64\www\project1\system\Autoloader\Autoloader.php(241): CodeIgniter\Autoloader\Autoloader->includeFile('C:\\wamp64\\www\\p...')
#1 C:\wamp64\www\project1\system\Autoloader\Autoloader.php(219): CodeIgniter\Autoloader\Autoloader->loadInNamespace('App\\Controllers...')
#2 [internal function]: CodeIgniter\Autoloader\Autoloader->loadClass('App\\Controllers...')
#3 [internal function]: spl_autoload_call('App\\Controllers...')
#4 C:\wamp64\www\project1\system\CodeIgniter.php(789): class_exists('\\App\\Controller...', true)
#5 C:\wamp64\www\project1\system\CodeIgniter.php(397): CodeIgniter\CodeIgniter->startController()
#6 C:\wamp64\www\project1\system\CodeIgniter.php(318): CodeIgniter\CodeIgniter->handleRequest(NULL, Object(Config\Cache), false)
#7 C:\wamp64\www\project1\public\index.php(37): CodeIgniter\CodeIgniter->run()
#8 C:\wamp64\www\project1\system\Commands\Server\rewrite.php(43): require_once('C:\\wamp64\\www\\p...')
#9 {main}
CRITICAL - 2021-11-28 01:14:34 --> syntax error, unexpected '?>', expecting function (T_FUNCTION) or const (T_CONST)
#0 C:\wamp64\www\project1\system\Autoloader\Autoloader.php(241): CodeIgniter\Autoloader\Autoloader->includeFile('C:\\wamp64\\www\\p...')
#1 C:\wamp64\www\project1\system\Autoloader\Autoloader.php(219): CodeIgniter\Autoloader\Autoloader->loadInNamespace('App\\Controllers...')
#2 [internal function]: CodeIgniter\Autoloader\Autoloader->loadClass('App\\Controllers...')
#3 [internal function]: spl_autoload_call('App\\Controllers...')
#4 C:\wamp64\www\project1\system\CodeIgniter.php(789): class_exists('\\App\\Controller...', true)
#5 C:\wamp64\www\project1\system\CodeIgniter.php(397): CodeIgniter\CodeIgniter->startController()
#6 C:\wamp64\www\project1\system\CodeIgniter.php(318): CodeIgniter\CodeIgniter->handleRequest(NULL, Object(Config\Cache), false)
#7 C:\wamp64\www\project1\public\index.php(37): CodeIgniter\CodeIgniter->run()
#8 C:\wamp64\www\project1\system\Commands\Server\rewrite.php(43): require_once('C:\\wamp64\\www\\p...')
#9 {main}
CRITICAL - 2021-11-28 01:15:37 --> syntax error, unexpected '?>', expecting function (T_FUNCTION) or const (T_CONST)
#0 C:\wamp64\www\project1\system\Autoloader\Autoloader.php(241): CodeIgniter\Autoloader\Autoloader->includeFile('C:\\wamp64\\www\\p...')
#1 C:\wamp64\www\project1\system\Autoloader\Autoloader.php(219): CodeIgniter\Autoloader\Autoloader->loadInNamespace('App\\Controllers...')
#2 [internal function]: CodeIgniter\Autoloader\Autoloader->loadClass('App\\Controllers...')
#3 [internal function]: spl_autoload_call('App\\Controllers...')
#4 C:\wamp64\www\project1\system\CodeIgniter.php(789): class_exists('\\App\\Controller...', true)
#5 C:\wamp64\www\project1\system\CodeIgniter.php(397): CodeIgniter\CodeIgniter->startController()
#6 C:\wamp64\www\project1\system\CodeIgniter.php(318): CodeIgniter\CodeIgniter->handleRequest(NULL, Object(Config\Cache), false)
#7 C:\wamp64\www\project1\public\index.php(37): CodeIgniter\CodeIgniter->run()
#8 C:\wamp64\www\project1\system\Commands\Server\rewrite.php(43): require_once('C:\\wamp64\\www\\p...')
#9 {main}
CRITICAL - 2021-11-28 01:15:38 --> syntax error, unexpected '?>', expecting function (T_FUNCTION) or const (T_CONST)
#0 C:\wamp64\www\project1\system\Autoloader\Autoloader.php(241): CodeIgniter\Autoloader\Autoloader->includeFile('C:\\wamp64\\www\\p...')
#1 C:\wamp64\www\project1\system\Autoloader\Autoloader.php(219): CodeIgniter\Autoloader\Autoloader->loadInNamespace('App\\Controllers...')
#2 [internal function]: CodeIgniter\Autoloader\Autoloader->loadClass('App\\Controllers...')
#3 [internal function]: spl_autoload_call('App\\Controllers...')
#4 C:\wamp64\www\project1\system\CodeIgniter.php(789): class_exists('\\App\\Controller...', true)
#5 C:\wamp64\www\project1\system\CodeIgniter.php(397): CodeIgniter\CodeIgniter->startController()
#6 C:\wamp64\www\project1\system\CodeIgniter.php(318): CodeIgniter\CodeIgniter->handleRequest(NULL, Object(Config\Cache), false)
#7 C:\wamp64\www\project1\public\index.php(37): CodeIgniter\CodeIgniter->run()
#8 C:\wamp64\www\project1\system\Commands\Server\rewrite.php(43): require_once('C:\\wamp64\\www\\p...')
#9 {main}
CRITICAL - 2021-11-28 01:15:39 --> syntax error, unexpected '?>', expecting function (T_FUNCTION) or const (T_CONST)
#0 C:\wamp64\www\project1\system\Autoloader\Autoloader.php(241): CodeIgniter\Autoloader\Autoloader->includeFile('C:\\wamp64\\www\\p...')
#1 C:\wamp64\www\project1\system\Autoloader\Autoloader.php(219): CodeIgniter\Autoloader\Autoloader->loadInNamespace('App\\Controllers...')
#2 [internal function]: CodeIgniter\Autoloader\Autoloader->loadClass('App\\Controllers...')
#3 [internal function]: spl_autoload_call('App\\Controllers...')
#4 C:\wamp64\www\project1\system\CodeIgniter.php(789): class_exists('\\App\\Controller...', true)
#5 C:\wamp64\www\project1\system\CodeIgniter.php(397): CodeIgniter\CodeIgniter->startController()
#6 C:\wamp64\www\project1\system\CodeIgniter.php(318): CodeIgniter\CodeIgniter->handleRequest(NULL, Object(Config\Cache), false)
#7 C:\wamp64\www\project1\public\index.php(37): CodeIgniter\CodeIgniter->run()
#8 C:\wamp64\www\project1\system\Commands\Server\rewrite.php(43): require_once('C:\\wamp64\\www\\p...')
#9 {main}
CRITICAL - 2021-11-28 12:45:11 --> Call to a member function isValid() on null
#0 C:\wamp64\www\project1\system\CodeIgniter.php(824): App\Controllers\EmployeeController->store()
#1 C:\wamp64\www\project1\system\CodeIgniter.php(410): CodeIgniter\CodeIgniter->runController(Object(App\Controllers\EmployeeController))
#2 C:\wamp64\www\project1\system\CodeIgniter.php(318): CodeIgniter\CodeIgniter->handleRequest(NULL, Object(Config\Cache), false)
#3 C:\wamp64\www\project1\public\index.php(37): CodeIgniter\CodeIgniter->run()
#4 C:\wamp64\www\project1\system\Commands\Server\rewrite.php(43): require_once('C:\\wamp64\\www\\p...')
#5 {main}
CRITICAL - 2021-11-28 12:47:42 --> Call to a member function isValid() on null
#0 C:\wamp64\www\project1\system\CodeIgniter.php(824): App\Controllers\EmployeeController->store()
#1 C:\wamp64\www\project1\system\CodeIgniter.php(410): CodeIgniter\CodeIgniter->runController(Object(App\Controllers\EmployeeController))
#2 C:\wamp64\www\project1\system\CodeIgniter.php(318): CodeIgniter\CodeIgniter->handleRequest(NULL, Object(Config\Cache), false)
#3 C:\wamp64\www\project1\public\index.php(37): CodeIgniter\CodeIgniter->run()
#4 C:\wamp64\www\project1\system\Commands\Server\rewrite.php(43): require_once('C:\\wamp64\\www\\p...')
#5 {main}
CRITICAL - 2021-11-28 12:51:56 --> Call to a member function isValid() on null
#0 C:\wamp64\www\project1\system\CodeIgniter.php(824): App\Controllers\EmployeeController->store()
#1 C:\wamp64\www\project1\system\CodeIgniter.php(410): CodeIgniter\CodeIgniter->runController(Object(App\Controllers\EmployeeController))
#2 C:\wamp64\www\project1\system\CodeIgniter.php(318): CodeIgniter\CodeIgniter->handleRequest(NULL, Object(Config\Cache), false)
#3 C:\wamp64\www\project1\public\index.php(37): CodeIgniter\CodeIgniter->run()
#4 C:\wamp64\www\project1\system\Commands\Server\rewrite.php(43): require_once('C:\\wamp64\\www\\p...')
#5 {main}
CRITICAL - 2021-11-28 12:52:28 --> Call to a member function isValid() on null
#0 C:\wamp64\www\project1\system\CodeIgniter.php(824): App\Controllers\EmployeeController->store()
#1 C:\wamp64\www\project1\system\CodeIgniter.php(410): CodeIgniter\CodeIgniter->runController(Object(App\Controllers\EmployeeController))
#2 C:\wamp64\www\project1\system\CodeIgniter.php(318): CodeIgniter\CodeIgniter->handleRequest(NULL, Object(Config\Cache), false)
#3 C:\wamp64\www\project1\public\index.php(37): CodeIgniter\CodeIgniter->run()
#4 C:\wamp64\www\project1\system\Commands\Server\rewrite.php(43): require_once('C:\\wamp64\\www\\p...')
#5 {main}
CRITICAL - 2021-11-28 13:20:31 --> Call to a member function isValid() on null
#0 C:\wamp64\www\project1\system\CodeIgniter.php(824): App\Controllers\EmployeeController->update('3')
#1 C:\wamp64\www\project1\system\CodeIgniter.php(410): CodeIgniter\CodeIgniter->runController(Object(App\Controllers\EmployeeController))
#2 C:\wamp64\www\project1\system\CodeIgniter.php(318): CodeIgniter\CodeIgniter->handleRequest(NULL, Object(Config\Cache), false)
#3 C:\wamp64\www\project1\public\index.php(37): CodeIgniter\CodeIgniter->run()
#4 C:\wamp64\www\project1\system\Commands\Server\rewrite.php(43): require_once('C:\\wamp64\\www\\p...')
#5 {main}
CRITICAL - 2021-11-28 13:36:44 --> Call to a member function isValid() on null
#0 C:\wamp64\www\project1\system\CodeIgniter.php(824): App\Controllers\EmployeeController->update('3')
#1 C:\wamp64\www\project1\system\CodeIgniter.php(410): CodeIgniter\CodeIgniter->runController(Object(App\Controllers\EmployeeController))
#2 C:\wamp64\www\project1\system\CodeIgniter.php(318): CodeIgniter\CodeIgniter->handleRequest(NULL, Object(Config\Cache), false)
#3 C:\wamp64\www\project1\public\index.php(37): CodeIgniter\CodeIgniter->run()
#4 C:\wamp64\www\project1\system\Commands\Server\rewrite.php(43): require_once('C:\\wamp64\\www\\p...')
#5 {main}
CRITICAL - 2021-11-28 13:39:22 --> Call to a member function isValid() on null
#0 C:\wamp64\www\project1\system\CodeIgniter.php(824): App\Controllers\EmployeeController->update('3')
#1 C:\wamp64\www\project1\system\CodeIgniter.php(410): CodeIgniter\CodeIgniter->runController(Object(App\Controllers\EmployeeController))
#2 C:\wamp64\www\project1\system\CodeIgniter.php(318): CodeIgniter\CodeIgniter->handleRequest(NULL, Object(Config\Cache), false)
#3 C:\wamp64\www\project1\public\index.php(37): CodeIgniter\CodeIgniter->run()
#4 C:\wamp64\www\project1\system\Commands\Server\rewrite.php(43): require_once('C:\\wamp64\\www\\p...')
#5 {main}
CRITICAL - 2021-11-28 13:42:27 --> Undefined variable: prod_item
#0 C:\wamp64\www\project1\app\Controllers\EmployeeController.php(52): CodeIgniter\Debug\Exceptions->errorHandler(8, 'Undefined varia...', 'C:\\wamp64\\www\\p...', 52, Array)
#1 C:\wamp64\www\project1\system\CodeIgniter.php(824): App\Controllers\EmployeeController->update('3')
#2 C:\wamp64\www\project1\system\CodeIgniter.php(410): CodeIgniter\CodeIgniter->runController(Object(App\Controllers\EmployeeController))
#3 C:\wamp64\www\project1\system\CodeIgniter.php(318): CodeIgniter\CodeIgniter->handleRequest(NULL, Object(Config\Cache), false)
#4 C:\wamp64\www\project1\public\index.php(37): CodeIgniter\CodeIgniter->run()
#5 C:\wamp64\www\project1\system\Commands\Server\rewrite.php(43): require_once('C:\\wamp64\\www\\p...')
#6 {main}
CRITICAL - 2021-11-28 13:43:22 --> Call to a member function isValid() on null
#0 C:\wamp64\www\project1\system\CodeIgniter.php(824): App\Controllers\EmployeeController->update('3')
#1 C:\wamp64\www\project1\system\CodeIgniter.php(410): CodeIgniter\CodeIgniter->runController(Object(App\Controllers\EmployeeController))
#2 C:\wamp64\www\project1\system\CodeIgniter.php(318): CodeIgniter\CodeIgniter->handleRequest(NULL, Object(Config\Cache), false)
#3 C:\wamp64\www\project1\public\index.php(37): CodeIgniter\CodeIgniter->run()
#4 C:\wamp64\www\project1\system\Commands\Server\rewrite.php(43): require_once('C:\\wamp64\\www\\p...')
#5 {main}
CRITICAL - 2021-11-28 13:44:54 --> Call to a member function isValid() on null
#0 C:\wamp64\www\project1\system\CodeIgniter.php(824): App\Controllers\EmployeeController->update('3')
#1 C:\wamp64\www\project1\system\CodeIgniter.php(410): CodeIgniter\CodeIgniter->runController(Object(App\Controllers\EmployeeController))
#2 C:\wamp64\www\project1\system\CodeIgniter.php(318): CodeIgniter\CodeIgniter->handleRequest(NULL, Object(Config\Cache), false)
#3 C:\wamp64\www\project1\public\index.php(37): CodeIgniter\CodeIgniter->run()
#4 C:\wamp64\www\project1\system\Commands\Server\rewrite.php(43): require_once('C:\\wamp64\\www\\p...')
#5 {main}
CRITICAL - 2021-11-28 13:47:35 --> Call to a member function isValid() on null
#0 C:\wamp64\www\project1\system\CodeIgniter.php(824): App\Controllers\EmployeeController->update('3')
#1 C:\wamp64\www\project1\system\CodeIgniter.php(410): CodeIgniter\CodeIgniter->runController(Object(App\Controllers\EmployeeController))
#2 C:\wamp64\www\project1\system\CodeIgniter.php(318): CodeIgniter\CodeIgniter->handleRequest(NULL, Object(Config\Cache), false)
#3 C:\wamp64\www\project1\public\index.php(37): CodeIgniter\CodeIgniter->run()
#4 C:\wamp64\www\project1\system\Commands\Server\rewrite.php(43): require_once('C:\\wamp64\\www\\p...')
#5 {main}
CRITICAL - 2021-11-28 22:01:50 --> Call to a member function isValid() on null
#0 C:\wamp64\www\project1\system\CodeIgniter.php(824): App\Controllers\EmployeeController->update('10')
#1 C:\wamp64\www\project1\system\CodeIgniter.php(410): CodeIgniter\CodeIgniter->runController(Object(App\Controllers\EmployeeController))
#2 C:\wamp64\www\project1\system\CodeIgniter.php(318): CodeIgniter\CodeIgniter->handleRequest(NULL, Object(Config\Cache), false)
#3 C:\wamp64\www\project1\public\index.php(37): CodeIgniter\CodeIgniter->run()
#4 C:\wamp64\www\project1\system\Commands\Server\rewrite.php(43): require_once('C:\\wamp64\\www\\p...')
#5 {main}
CRITICAL - 2021-11-28 22:07:43 --> Call to a member function isValid() on null
#0 C:\wamp64\www\project1\system\CodeIgniter.php(824): App\Controllers\EmployeeController->update('3')
#1 C:\wamp64\www\project1\system\CodeIgniter.php(410): CodeIgniter\CodeIgniter->runController(Object(App\Controllers\EmployeeController))
#2 C:\wamp64\www\project1\system\CodeIgniter.php(318): CodeIgniter\CodeIgniter->handleRequest(NULL, Object(Config\Cache), false)
#3 C:\wamp64\www\project1\public\index.php(37): CodeIgniter\CodeIgniter->run()
#4 C:\wamp64\www\project1\system\Commands\Server\rewrite.php(43): require_once('C:\\wamp64\\www\\p...')
#5 {main}
CRITICAL - 2021-11-28 22:19:17 --> Call to a member function isValid() on null
#0 C:\wamp64\www\project1\system\CodeIgniter.php(824): App\Controllers\EmployeeController->update('3')
#1 C:\wamp64\www\project1\system\CodeIgniter.php(410): CodeIgniter\CodeIgniter->runController(Object(App\Controllers\EmployeeController))
#2 C:\wamp64\www\project1\system\CodeIgniter.php(318): CodeIgniter\CodeIgniter->handleRequest(NULL, Object(Config\Cache), false)
#3 C:\wamp64\www\project1\public\index.php(37): CodeIgniter\CodeIgniter->run()
#4 C:\wamp64\www\project1\system\Commands\Server\rewrite.php(43): require_once('C:\\wamp64\\www\\p...')
#5 {main}
CRITICAL - 2021-11-28 22:32:25 --> Undefined variable: row
#0 C:\wamp64\www\project1\app\Views\employee\edit.php(142): CodeIgniter\Debug\Exceptions->errorHandler(8, 'Undefined varia...', 'C:\\wamp64\\www\\p...', 142, Array)
#1 C:\wamp64\www\project1\system\View\View.php(214): include('C:\\wamp64\\www\\p...')
#2 C:\wamp64\www\project1\system\View\View.php(217): CodeIgniter\View\View->CodeIgniter\View\{closure}()
#3 C:\wamp64\www\project1\system\Common.php(1097): CodeIgniter\View\View->render('employee/edit', Array, true)
#4 C:\wamp64\www\project1\app\Controllers\EmployeeController.php(46): view('employee/edit', Array)
#5 C:\wamp64\www\project1\system\CodeIgniter.php(824): App\Controllers\EmployeeController->edit('3')
#6 C:\wamp64\www\project1\system\CodeIgniter.php(410): CodeIgniter\CodeIgniter->runController(Object(App\Controllers\EmployeeController))
#7 C:\wamp64\www\project1\system\CodeIgniter.php(318): CodeIgniter\CodeIgniter->handleRequest(NULL, Object(Config\Cache), false)
#8 C:\wamp64\www\project1\public\index.php(37): CodeIgniter\CodeIgniter->run()
#9 C:\wamp64\www\project1\system\Commands\Server\rewrite.php(43): require_once('C:\\wamp64\\www\\p...')
#10 {main}
CRITICAL - 2021-11-28 22:32:39 --> Undefined variable: row
#0 C:\wamp64\www\project1\app\Views\employee\edit.php(142): CodeIgniter\Debug\Exceptions->errorHandler(8, 'Undefined varia...', 'C:\\wamp64\\www\\p...', 142, Array)
#1 C:\wamp64\www\project1\system\View\View.php(214): include('C:\\wamp64\\www\\p...')
#2 C:\wamp64\www\project1\system\View\View.php(217): CodeIgniter\View\View->CodeIgniter\View\{closure}()
#3 C:\wamp64\www\project1\system\Common.php(1097): CodeIgniter\View\View->render('employee/edit', Array, true)
#4 C:\wamp64\www\project1\app\Controllers\EmployeeController.php(46): view('employee/edit', Array)
#5 C:\wamp64\www\project1\system\CodeIgniter.php(824): App\Controllers\EmployeeController->edit('3')
#6 C:\wamp64\www\project1\system\CodeIgniter.php(410): CodeIgniter\CodeIgniter->runController(Object(App\Controllers\EmployeeController))
#7 C:\wamp64\www\project1\system\CodeIgniter.php(318): CodeIgniter\CodeIgniter->handleRequest(NULL, Object(Config\Cache), false)
#8 C:\wamp64\www\project1\public\index.php(37): CodeIgniter\CodeIgniter->run()
#9 C:\wamp64\www\project1\system\Commands\Server\rewrite.php(43): require_once('C:\\wamp64\\www\\p...')
#10 {main}
CRITICAL - 2021-11-28 22:32:43 --> Undefined variable: row
#0 C:\wamp64\www\project1\app\Views\employee\edit.php(142): CodeIgniter\Debug\Exceptions->errorHandler(8, 'Undefined varia...', 'C:\\wamp64\\www\\p...', 142, Array)
#1 C:\wamp64\www\project1\system\View\View.php(214): include('C:\\wamp64\\www\\p...')
#2 C:\wamp64\www\project1\system\View\View.php(217): CodeIgniter\View\View->CodeIgniter\View\{closure}()
#3 C:\wamp64\www\project1\system\Common.php(1097): CodeIgniter\View\View->render('employee/edit', Array, true)
#4 C:\wamp64\www\project1\app\Controllers\EmployeeController.php(46): view('employee/edit', Array)
#5 C:\wamp64\www\project1\system\CodeIgniter.php(824): App\Controllers\EmployeeController->edit('3')
#6 C:\wamp64\www\project1\system\CodeIgniter.php(410): CodeIgniter\CodeIgniter->runController(Object(App\Controllers\EmployeeController))
#7 C:\wamp64\www\project1\system\CodeIgniter.php(318): CodeIgniter\CodeIgniter->handleRequest(NULL, Object(Config\Cache), false)
#8 C:\wamp64\www\project1\public\index.php(37): CodeIgniter\CodeIgniter->run()
#9 C:\wamp64\www\project1\system\Commands\Server\rewrite.php(43): require_once('C:\\wamp64\\www\\p...')
#10 {main}
CRITICAL - 2021-11-28 22:33:25 --> Undefined variable: imageName
#0 C:\wamp64\www\project1\app\Controllers\EmployeeController.php(69): CodeIgniter\Debug\Exceptions->errorHandler(8, 'Undefined varia...', 'C:\\wamp64\\www\\p...', 69, Array)
#1 C:\wamp64\www\project1\system\CodeIgniter.php(824): App\Controllers\EmployeeController->update('3')
#2 C:\wamp64\www\project1\system\CodeIgniter.php(410): CodeIgniter\CodeIgniter->runController(Object(App\Controllers\EmployeeController))
#3 C:\wamp64\www\project1\system\CodeIgniter.php(318): CodeIgniter\CodeIgniter->handleRequest(NULL, Object(Config\Cache), false)
#4 C:\wamp64\www\project1\public\index.php(37): CodeIgniter\CodeIgniter->run()
#5 C:\wamp64\www\project1\system\Commands\Server\rewrite.php(43): require_once('C:\\wamp64\\www\\p...')
#6 {main}
CRITICAL - 2021-11-28 22:34:15 --> Call to a member function isValid() on null
#0 C:\wamp64\www\project1\system\CodeIgniter.php(824): App\Controllers\EmployeeController->update('3')
#1 C:\wamp64\www\project1\system\CodeIgniter.php(410): CodeIgniter\CodeIgniter->runController(Object(App\Controllers\EmployeeController))
#2 C:\wamp64\www\project1\system\CodeIgniter.php(318): CodeIgniter\CodeIgniter->handleRequest(NULL, Object(Config\Cache), false)
#3 C:\wamp64\www\project1\public\index.php(37): CodeIgniter\CodeIgniter->run()
#4 C:\wamp64\www\project1\system\Commands\Server\rewrite.php(43): require_once('C:\\wamp64\\www\\p...')
#5 {main}
CRITICAL - 2021-11-28 22:34:51 --> Undefined variable: image
#0 C:\wamp64\www\project1\app\Controllers\EmployeeController.php(69): CodeIgniter\Debug\Exceptions->errorHandler(8, 'Undefined varia...', 'C:\\wamp64\\www\\p...', 69, Array)
#1 C:\wamp64\www\project1\system\CodeIgniter.php(824): App\Controllers\EmployeeController->update('3')
#2 C:\wamp64\www\project1\system\CodeIgniter.php(410): CodeIgniter\CodeIgniter->runController(Object(App\Controllers\EmployeeController))
#3 C:\wamp64\www\project1\system\CodeIgniter.php(318): CodeIgniter\CodeIgniter->handleRequest(NULL, Object(Config\Cache), false)
#4 C:\wamp64\www\project1\public\index.php(37): CodeIgniter\CodeIgniter->run()
#5 C:\wamp64\www\project1\system\Commands\Server\rewrite.php(43): require_once('C:\\wamp64\\www\\p...')
#6 {main}
CRITICAL - 2021-11-28 22:58:02 --> Undefined variable: row
#0 C:\wamp64\www\project1\app\Views\employee\edit.php(143): CodeIgniter\Debug\Exceptions->errorHandler(8, 'Undefined varia...', 'C:\\wamp64\\www\\p...', 143, Array)
#1 C:\wamp64\www\project1\system\View\View.php(214): include('C:\\wamp64\\www\\p...')
#2 C:\wamp64\www\project1\system\View\View.php(217): CodeIgniter\View\View->CodeIgniter\View\{closure}()
#3 C:\wamp64\www\project1\system\Common.php(1097): CodeIgniter\View\View->render('employee/edit', Array, true)
#4 C:\wamp64\www\project1\app\Controllers\EmployeeController.php(46): view('employee/edit', Array)
#5 C:\wamp64\www\project1\system\CodeIgniter.php(824): App\Controllers\EmployeeController->edit('3')
#6 C:\wamp64\www\project1\system\CodeIgniter.php(410): CodeIgniter\CodeIgniter->runController(Object(App\Controllers\EmployeeController))
#7 C:\wamp64\www\project1\system\CodeIgniter.php(318): CodeIgniter\CodeIgniter->handleRequest(NULL, Object(Config\Cache), false)
#8 C:\wamp64\www\project1\public\index.php(37): CodeIgniter\CodeIgniter->run()
#9 C:\wamp64\www\project1\system\Commands\Server\rewrite.php(43): require_once('C:\\wamp64\\www\\p...')
#10 {main}
CRITICAL - 2021-11-28 23:00:36 --> Undefined variable: row
#0 C:\wamp64\www\project1\app\Views\employee\edit.php(143): CodeIgniter\Debug\Exceptions->errorHandler(8, 'Undefined varia...', 'C:\\wamp64\\www\\p...', 143, Array)
#1 C:\wamp64\www\project1\system\View\View.php(214): include('C:\\wamp64\\www\\p...')
#2 C:\wamp64\www\project1\system\View\View.php(217): CodeIgniter\View\View->CodeIgniter\View\{closure}()
#3 C:\wamp64\www\project1\system\Common.php(1097): CodeIgniter\View\View->render('employee/edit', Array, true)
#4 C:\wamp64\www\project1\app\Controllers\EmployeeController.php(46): view('employee/edit', Array)
#5 C:\wamp64\www\project1\system\CodeIgniter.php(824): App\Controllers\EmployeeController->edit('3')
#6 C:\wamp64\www\project1\system\CodeIgniter.php(410): CodeIgniter\CodeIgniter->runController(Object(App\Controllers\EmployeeController))
#7 C:\wamp64\www\project1\system\CodeIgniter.php(318): CodeIgniter\CodeIgniter->handleRequest(NULL, Object(Config\Cache), false)
#8 C:\wamp64\www\project1\public\index.php(37): CodeIgniter\CodeIgniter->run()
#9 C:\wamp64\www\project1\system\Commands\Server\rewrite.php(43): require_once('C:\\wamp64\\www\\p...')
#10 {main}
CRITICAL - 2021-11-28 23:24:08 --> Undefined variable: imageName
#0 C:\wamp64\www\project1\app\Controllers\EmployeeController.php(74): CodeIgniter\Debug\Exceptions->errorHandler(8, 'Undefined varia...', 'C:\\wamp64\\www\\p...', 74, Array)
#1 C:\wamp64\www\project1\system\CodeIgniter.php(824): App\Controllers\EmployeeController->update('10')
#2 C:\wamp64\www\project1\system\CodeIgniter.php(410): CodeIgniter\CodeIgniter->runController(Object(App\Controllers\EmployeeController))
#3 C:\wamp64\www\project1\system\CodeIgniter.php(318): CodeIgniter\CodeIgniter->handleRequest(NULL, Object(Config\Cache), false)
#4 C:\wamp64\www\project1\public\index.php(37): CodeIgniter\CodeIgniter->run()
#5 C:\wamp64\www\project1\system\Commands\Server\rewrite.php(43): require_once('C:\\wamp64\\www\\p...')
#6 {main}
CRITICAL - 2021-11-28 23:27:08 --> Undefined variable: imageName
#0 C:\wamp64\www\project1\app\Controllers\EmployeeController.php(28): CodeIgniter\Debug\Exceptions->errorHandler(8, 'Undefined varia...', 'C:\\wamp64\\www\\p...', 28, Array)
#1 C:\wamp64\www\project1\system\CodeIgniter.php(824): App\Controllers\EmployeeController->store()
#2 C:\wamp64\www\project1\system\CodeIgniter.php(410): CodeIgniter\CodeIgniter->runController(Object(App\Controllers\EmployeeController))
#3 C:\wamp64\www\project1\system\CodeIgniter.php(318): CodeIgniter\CodeIgniter->handleRequest(NULL, Object(Config\Cache), false)
#4 C:\wamp64\www\project1\public\index.php(37): CodeIgniter\CodeIgniter->run()
#5 C:\wamp64\www\project1\system\Commands\Server\rewrite.php(43): require_once('C:\\wamp64\\www\\p...')
#6 {main}
CRITICAL - 2021-11-28 23:28:06 --> Call to a member function isValid() on null
#0 C:\wamp64\www\project1\system\CodeIgniter.php(824): App\Controllers\EmployeeController->store()
#1 C:\wamp64\www\project1\system\CodeIgniter.php(410): CodeIgniter\CodeIgniter->runController(Object(App\Controllers\EmployeeController))
#2 C:\wamp64\www\project1\system\CodeIgniter.php(318): CodeIgniter\CodeIgniter->handleRequest(NULL, Object(Config\Cache), false)
#3 C:\wamp64\www\project1\public\index.php(37): CodeIgniter\CodeIgniter->run()
#4 C:\wamp64\www\project1\system\Commands\Server\rewrite.php(43): require_once('C:\\wamp64\\www\\p...')
#5 {main}
CRITICAL - 2021-11-28 23:28:06 --> Uncaught ErrorException: Cannot modify header information - headers already sent by (output started at C:\wamp64\www\project1\app\Config\Events.php:32) in C:\wamp64\www\project1\system\Debug\Exceptions.php:107
Stack trace:
#0 [internal function]: CodeIgniter\Debug\Exceptions->errorHandler(2, 'Cannot modify h...', 'C:\\wamp64\\www\\p...', 107, Array)
#1 C:\wamp64\www\project1\system\Debug\Exceptions.php(107): header('HTTP/1.1 500 In...', true, 500)
#2 [internal function]: CodeIgniter\Debug\Exceptions->exceptionHandler(Object(Error))
#3 {main}
  thrown
#0 [internal function]: CodeIgniter\Debug\Exceptions->shutdownHandler()
#1 {main}
CRITICAL - 2021-11-28 23:28:28 --> Call to a member function isValid() on null
#0 C:\wamp64\www\project1\system\CodeIgniter.php(824): App\Controllers\EmployeeController->store()
#1 C:\wamp64\www\project1\system\CodeIgniter.php(410): CodeIgniter\CodeIgniter->runController(Object(App\Controllers\EmployeeController))
#2 C:\wamp64\www\project1\system\CodeIgniter.php(318): CodeIgniter\CodeIgniter->handleRequest(NULL, Object(Config\Cache), false)
#3 C:\wamp64\www\project1\public\index.php(37): CodeIgniter\CodeIgniter->run()
#4 C:\wamp64\www\project1\system\Commands\Server\rewrite.php(43): require_once('C:\\wamp64\\www\\p...')
#5 {main}
CRITICAL - 2021-11-28 23:28:28 --> Uncaught ErrorException: Cannot modify header information - headers already sent by (output started at C:\wamp64\www\project1\app\Config\Events.php:32) in C:\wamp64\www\project1\system\Debug\Exceptions.php:107
Stack trace:
#0 [internal function]: CodeIgniter\Debug\Exceptions->errorHandler(2, 'Cannot modify h...', 'C:\\wamp64\\www\\p...', 107, Array)
#1 C:\wamp64\www\project1\system\Debug\Exceptions.php(107): header('HTTP/1.1 500 In...', true, 500)
#2 [internal function]: CodeIgniter\Debug\Exceptions->exceptionHandler(Object(Error))
#3 {main}
  thrown
#0 [internal function]: CodeIgniter\Debug\Exceptions->shutdownHandler()
#1 {main}
CRITICAL - 2021-11-28 23:31:28 --> Undefined variable: imageName
#0 C:\wamp64\www\project1\app\Controllers\EmployeeController.php(78): CodeIgniter\Debug\Exceptions->errorHandler(8, 'Undefined varia...', 'C:\\wamp64\\www\\p...', 78, Array)
#1 C:\wamp64\www\project1\system\CodeIgniter.php(824): App\Controllers\EmployeeController->update('15')
#2 C:\wamp64\www\project1\system\CodeIgniter.php(410): CodeIgniter\CodeIgniter->runController(Object(App\Controllers\EmployeeController))
#3 C:\wamp64\www\project1\system\CodeIgniter.php(318): CodeIgniter\CodeIgniter->handleRequest(NULL, Object(Config\Cache), false)
#4 C:\wamp64\www\project1\public\index.php(37): CodeIgniter\CodeIgniter->run()
#5 C:\wamp64\www\project1\system\Commands\Server\rewrite.php(43): require_once('C:\\wamp64\\www\\p...')
#6 {main}
CRITICAL - 2021-11-28 23:32:06 --> Call to a member function isValid() on null
#0 C:\wamp64\www\project1\system\CodeIgniter.php(824): App\Controllers\EmployeeController->store()
#1 C:\wamp64\www\project1\system\CodeIgniter.php(410): CodeIgniter\CodeIgniter->runController(Object(App\Controllers\EmployeeController))
#2 C:\wamp64\www\project1\system\CodeIgniter.php(318): CodeIgniter\CodeIgniter->handleRequest(NULL, Object(Config\Cache), false)
#3 C:\wamp64\www\project1\public\index.php(37): CodeIgniter\CodeIgniter->run()
#4 C:\wamp64\www\project1\system\Commands\Server\rewrite.php(43): require_once('C:\\wamp64\\www\\p...')
#5 {main}
CRITICAL - 2021-11-28 23:32:06 --> Uncaught ErrorException: Cannot modify header information - headers already sent by (output started at C:\wamp64\www\project1\app\Config\Events.php:32) in C:\wamp64\www\project1\system\Debug\Exceptions.php:107
Stack trace:
#0 [internal function]: CodeIgniter\Debug\Exceptions->errorHandler(2, 'Cannot modify h...', 'C:\\wamp64\\www\\p...', 107, Array)
#1 C:\wamp64\www\project1\system\Debug\Exceptions.php(107): header('HTTP/1.1 500 In...', true, 500)
#2 [internal function]: CodeIgniter\Debug\Exceptions->exceptionHandler(Object(Error))
#3 {main}
  thrown
#0 [internal function]: CodeIgniter\Debug\Exceptions->shutdownHandler()
#1 {main}
