ERROR - 2022-03-03 01:31:34 --> Error connecting to the database: No connection could be made because the target machine actively refused it.

CRITICAL - 2022-03-03 01:31:34 --> Unable to connect to the database.
Main connection [MySQLi]: No connection could be made because the target machine actively refused it.

#0 C:\wamp64\www\project1\system\Database\BaseConnection.php(577): CodeIgniter\Database\BaseConnection->initialize()
#1 C:\wamp64\www\project1\system\Database\BaseBuilder.php(1443): CodeIgniter\Database\BaseConnection->query('SELECT *\nFROM `...', Array, false)
#2 C:\wamp64\www\project1\system\Model.php(183): CodeIgniter\Database\BaseBuilder->get()
#3 C:\wamp64\www\project1\system\BaseModel.php(584): CodeIgniter\Model->doFindAll(0, 0)
#4 C:\wamp64\www\project1\app\Controllers\EmployeeController.php(8): CodeIgniter\BaseModel->findAll()
#5 C:\wamp64\www\project1\system\CodeIgniter.php(824): App\Controllers\EmployeeController->index()
#6 C:\wamp64\www\project1\system\CodeIgniter.php(410): CodeIgniter\CodeIgniter->runController(Object(App\Controllers\EmployeeController))
#7 C:\wamp64\www\project1\system\CodeIgniter.php(318): CodeIgniter\CodeIgniter->handleRequest(NULL, Object(Config\Cache), false)
#8 C:\wamp64\www\project1\public\index.php(37): CodeIgniter\CodeIgniter->run()
#9 C:\wamp64\www\project1\system\Commands\Server\rewrite.php(43): require_once('C:\\wamp64\\www\\p...')
#10 {main}
CRITICAL - 2022-03-03 01:36:33 --> Undefined variable: employee
#0 C:\wamp64\www\project1\app\Views\employee\index.php(90): CodeIgniter\Debug\Exceptions->errorHandler(8, 'Undefined varia...', 'C:\\wamp64\\www\\p...', 90, Array)
#1 C:\wamp64\www\project1\system\View\View.php(214): include('C:\\wamp64\\www\\p...')
#2 C:\wamp64\www\project1\system\View\View.php(217): CodeIgniter\View\View->CodeIgniter\View\{closure}()
#3 C:\wamp64\www\project1\system\Common.php(1097): CodeIgniter\View\View->render('employee/index', Array, true)
#4 C:\wamp64\www\project1\app\Controllers\Home.php(9): view('employee/index')
#5 C:\wamp64\www\project1\system\CodeIgniter.php(824): App\Controllers\Home->index()
#6 C:\wamp64\www\project1\system\CodeIgniter.php(410): CodeIgniter\CodeIgniter->runController(Object(App\Controllers\Home))
#7 C:\wamp64\www\project1\system\CodeIgniter.php(318): CodeIgniter\CodeIgniter->handleRequest(NULL, Object(Config\Cache), false)
#8 C:\wamp64\www\project1\public\index.php(37): CodeIgniter\CodeIgniter->run()
#9 C:\wamp64\www\project1\system\Commands\Server\rewrite.php(43): require_once('C:\\wamp64\\www\\p...')
#10 {main}
