CRITICAL - 2021-12-05 00:14:19 --> Array to string conversion
#0 C:\wamp64\www\project1\app\Views\employee\index.php(93): CodeIgniter\Debug\Exceptions->errorHandler(8, 'Array to string...', 'C:\\wamp64\\www\\p...', 93, Array)
#1 C:\wamp64\www\project1\system\View\View.php(214): include('C:\\wamp64\\www\\p...')
#2 C:\wamp64\www\project1\system\View\View.php(217): CodeIgniter\View\View->CodeIgniter\View\{closure}()
#3 C:\wamp64\www\project1\system\Common.php(1097): CodeIgniter\View\View->render('employee/index', Array, true)
#4 C:\wamp64\www\project1\app\Controllers\EmployeeController.php(9): view('employee/index', Array)
#5 C:\wamp64\www\project1\system\CodeIgniter.php(824): App\Controllers\EmployeeController->index()
#6 C:\wamp64\www\project1\system\CodeIgniter.php(410): CodeIgniter\CodeIgniter->runController(Object(App\Controllers\EmployeeController))
#7 C:\wamp64\www\project1\system\CodeIgniter.php(318): CodeIgniter\CodeIgniter->handleRequest(NULL, Object(Config\Cache), false)
#8 C:\wamp64\www\project1\public\index.php(37): CodeIgniter\CodeIgniter->run()
#9 C:\wamp64\www\project1\system\Commands\Server\rewrite.php(43): require_once('C:\\wamp64\\www\\p...')
#10 {main}
CRITICAL - 2021-12-05 00:17:41 --> Array to string conversion
#0 C:\wamp64\www\project1\app\Views\employee\index.php(94): CodeIgniter\Debug\Exceptions->errorHandler(8, 'Array to string...', 'C:\\wamp64\\www\\p...', 94, Array)
#1 C:\wamp64\www\project1\system\View\View.php(214): include('C:\\wamp64\\www\\p...')
#2 C:\wamp64\www\project1\system\View\View.php(217): CodeIgniter\View\View->CodeIgniter\View\{closure}()
#3 C:\wamp64\www\project1\system\Common.php(1097): CodeIgniter\View\View->render('employee/index', Array, true)
#4 C:\wamp64\www\project1\app\Controllers\EmployeeController.php(9): view('employee/index', Array)
#5 C:\wamp64\www\project1\system\CodeIgniter.php(824): App\Controllers\EmployeeController->index()
#6 C:\wamp64\www\project1\system\CodeIgniter.php(410): CodeIgniter\CodeIgniter->runController(Object(App\Controllers\EmployeeController))
#7 C:\wamp64\www\project1\system\CodeIgniter.php(318): CodeIgniter\CodeIgniter->handleRequest(NULL, Object(Config\Cache), false)
#8 C:\wamp64\www\project1\public\index.php(37): CodeIgniter\CodeIgniter->run()
#9 C:\wamp64\www\project1\system\Commands\Server\rewrite.php(43): require_once('C:\\wamp64\\www\\p...')
#10 {main}
CRITICAL - 2021-12-05 00:27:45 --> Undefined index: id
#0 C:\wamp64\www\project1\app\Views\employee\index.php(90): CodeIgniter\Debug\Exceptions->errorHandler(8, 'Undefined index...', 'C:\\wamp64\\www\\p...', 90, Array)
#1 C:\wamp64\www\project1\system\View\View.php(214): include('C:\\wamp64\\www\\p...')
#2 C:\wamp64\www\project1\system\View\View.php(217): CodeIgniter\View\View->CodeIgniter\View\{closure}()
#3 C:\wamp64\www\project1\system\Common.php(1097): CodeIgniter\View\View->render('employee/index', Array, true)
#4 C:\wamp64\www\project1\app\Controllers\EmployeeController.php(9): view('employee/index', Array)
#5 C:\wamp64\www\project1\system\CodeIgniter.php(824): App\Controllers\EmployeeController->index()
#6 C:\wamp64\www\project1\system\CodeIgniter.php(410): CodeIgniter\CodeIgniter->runController(Object(App\Controllers\EmployeeController))
#7 C:\wamp64\www\project1\system\CodeIgniter.php(318): CodeIgniter\CodeIgniter->handleRequest(NULL, Object(Config\Cache), false)
#8 C:\wamp64\www\project1\public\index.php(37): CodeIgniter\CodeIgniter->run()
#9 C:\wamp64\www\project1\system\Commands\Server\rewrite.php(43): require_once('C:\\wamp64\\www\\p...')
#10 {main}
CRITICAL - 2021-12-05 00:34:02 --> Array to string conversion
#0 C:\wamp64\www\project1\app\Views\employee\index.php(94): CodeIgniter\Debug\Exceptions->errorHandler(8, 'Array to string...', 'C:\\wamp64\\www\\p...', 94, Array)
#1 C:\wamp64\www\project1\system\View\View.php(214): include('C:\\wamp64\\www\\p...')
#2 C:\wamp64\www\project1\system\View\View.php(217): CodeIgniter\View\View->CodeIgniter\View\{closure}()
#3 C:\wamp64\www\project1\system\Common.php(1097): CodeIgniter\View\View->render('employee/index', Array, true)
#4 C:\wamp64\www\project1\app\Controllers\EmployeeController.php(9): view('employee/index', Array)
#5 C:\wamp64\www\project1\system\CodeIgniter.php(824): App\Controllers\EmployeeController->index()
#6 C:\wamp64\www\project1\system\CodeIgniter.php(410): CodeIgniter\CodeIgniter->runController(Object(App\Controllers\EmployeeController))
#7 C:\wamp64\www\project1\system\CodeIgniter.php(318): CodeIgniter\CodeIgniter->handleRequest(NULL, Object(Config\Cache), false)
#8 C:\wamp64\www\project1\public\index.php(37): CodeIgniter\CodeIgniter->run()
#9 C:\wamp64\www\project1\system\Commands\Server\rewrite.php(43): require_once('C:\\wamp64\\www\\p...')
#10 {main}
CRITICAL - 2021-12-05 00:34:30 --> Array to string conversion
#0 C:\wamp64\www\project1\app\Views\employee\index.php(94): CodeIgniter\Debug\Exceptions->errorHandler(8, 'Array to string...', 'C:\\wamp64\\www\\p...', 94, Array)
#1 C:\wamp64\www\project1\system\View\View.php(214): include('C:\\wamp64\\www\\p...')
#2 C:\wamp64\www\project1\system\View\View.php(217): CodeIgniter\View\View->CodeIgniter\View\{closure}()
#3 C:\wamp64\www\project1\system\Common.php(1097): CodeIgniter\View\View->render('employee/index', Array, true)
#4 C:\wamp64\www\project1\app\Controllers\EmployeeController.php(9): view('employee/index', Array)
#5 C:\wamp64\www\project1\system\CodeIgniter.php(824): App\Controllers\EmployeeController->index()
#6 C:\wamp64\www\project1\system\CodeIgniter.php(410): CodeIgniter\CodeIgniter->runController(Object(App\Controllers\EmployeeController))
#7 C:\wamp64\www\project1\system\CodeIgniter.php(318): CodeIgniter\CodeIgniter->handleRequest(NULL, Object(Config\Cache), false)
#8 C:\wamp64\www\project1\public\index.php(37): CodeIgniter\CodeIgniter->run()
#9 C:\wamp64\www\project1\system\Commands\Server\rewrite.php(43): require_once('C:\\wamp64\\www\\p...')
#10 {main}
CRITICAL - 2021-12-05 00:34:33 --> Array to string conversion
#0 C:\wamp64\www\project1\app\Views\employee\index.php(94): CodeIgniter\Debug\Exceptions->errorHandler(8, 'Array to string...', 'C:\\wamp64\\www\\p...', 94, Array)
#1 C:\wamp64\www\project1\system\View\View.php(214): include('C:\\wamp64\\www\\p...')
#2 C:\wamp64\www\project1\system\View\View.php(217): CodeIgniter\View\View->CodeIgniter\View\{closure}()
#3 C:\wamp64\www\project1\system\Common.php(1097): CodeIgniter\View\View->render('employee/index', Array, true)
#4 C:\wamp64\www\project1\app\Controllers\EmployeeController.php(9): view('employee/index', Array)
#5 C:\wamp64\www\project1\system\CodeIgniter.php(824): App\Controllers\EmployeeController->index()
#6 C:\wamp64\www\project1\system\CodeIgniter.php(410): CodeIgniter\CodeIgniter->runController(Object(App\Controllers\EmployeeController))
#7 C:\wamp64\www\project1\system\CodeIgniter.php(318): CodeIgniter\CodeIgniter->handleRequest(NULL, Object(Config\Cache), false)
#8 C:\wamp64\www\project1\public\index.php(37): CodeIgniter\CodeIgniter->run()
#9 C:\wamp64\www\project1\system\Commands\Server\rewrite.php(43): require_once('C:\\wamp64\\www\\p...')
#10 {main}
CRITICAL - 2021-12-05 00:34:47 --> Array to string conversion
#0 C:\wamp64\www\project1\app\Views\employee\index.php(97): CodeIgniter\Debug\Exceptions->errorHandler(8, 'Array to string...', 'C:\\wamp64\\www\\p...', 97, Array)
#1 C:\wamp64\www\project1\system\View\View.php(214): include('C:\\wamp64\\www\\p...')
#2 C:\wamp64\www\project1\system\View\View.php(217): CodeIgniter\View\View->CodeIgniter\View\{closure}()
#3 C:\wamp64\www\project1\system\Common.php(1097): CodeIgniter\View\View->render('employee/index', Array, true)
#4 C:\wamp64\www\project1\app\Controllers\EmployeeController.php(9): view('employee/index', Array)
#5 C:\wamp64\www\project1\system\CodeIgniter.php(824): App\Controllers\EmployeeController->index()
#6 C:\wamp64\www\project1\system\CodeIgniter.php(410): CodeIgniter\CodeIgniter->runController(Object(App\Controllers\EmployeeController))
#7 C:\wamp64\www\project1\system\CodeIgniter.php(318): CodeIgniter\CodeIgniter->handleRequest(NULL, Object(Config\Cache), false)
#8 C:\wamp64\www\project1\public\index.php(37): CodeIgniter\CodeIgniter->run()
#9 C:\wamp64\www\project1\system\Commands\Server\rewrite.php(43): require_once('C:\\wamp64\\www\\p...')
#10 {main}
ERROR - 2021-12-05 01:46:42 --> Duplicate entry 'malek1@gmail.com' for key 'employees.email'
CRITICAL - 2021-12-05 01:46:42 --> Duplicate entry 'malek1@gmail.com' for key 'employees.email'
#0 C:\wamp64\www\project1\system\Database\MySQLi\Connection.php(292): mysqli->query('INSERT INTO `em...', 0)
#1 C:\wamp64\www\project1\system\Database\BaseConnection.php(670): CodeIgniter\Database\MySQLi\Connection->execute('INSERT INTO `em...')
#2 C:\wamp64\www\project1\system\Database\BaseConnection.php(598): CodeIgniter\Database\BaseConnection->simpleQuery('INSERT INTO `em...')
#3 C:\wamp64\www\project1\system\Database\BaseBuilder.php(1759): CodeIgniter\Database\BaseConnection->query('INSERT INTO `em...', Array, false)
#4 C:\wamp64\www\project1\system\Model.php(239): CodeIgniter\Database\BaseBuilder->insert()
#5 C:\wamp64\www\project1\system\BaseModel.php(738): CodeIgniter\Model->doInsert(Array)
#6 C:\wamp64\www\project1\system\Model.php(620): CodeIgniter\BaseModel->insert(Array, false)
#7 C:\wamp64\www\project1\system\BaseModel.php(658): CodeIgniter\Model->insert(Array, false)
#8 C:\wamp64\www\project1\app\Controllers\EmployeeController.php(47): CodeIgniter\BaseModel->save(Array)
#9 C:\wamp64\www\project1\system\CodeIgniter.php(824): App\Controllers\EmployeeController->store()
#10 C:\wamp64\www\project1\system\CodeIgniter.php(410): CodeIgniter\CodeIgniter->runController(Object(App\Controllers\EmployeeController))
#11 C:\wamp64\www\project1\system\CodeIgniter.php(318): CodeIgniter\CodeIgniter->handleRequest(NULL, Object(Config\Cache), false)
#12 C:\wamp64\www\project1\public\index.php(37): CodeIgniter\CodeIgniter->run()
#13 C:\wamp64\www\project1\system\Commands\Server\rewrite.php(43): require_once('C:\\wamp64\\www\\p...')
#14 {main}
ERROR - 2021-12-05 01:48:04 --> Duplicate entry 'malek1@gmail.com' for key 'employees.email'
CRITICAL - 2021-12-05 01:48:05 --> Duplicate entry 'malek1@gmail.com' for key 'employees.email'
#0 C:\wamp64\www\project1\system\Database\MySQLi\Connection.php(292): mysqli->query('INSERT INTO `em...', 0)
#1 C:\wamp64\www\project1\system\Database\BaseConnection.php(670): CodeIgniter\Database\MySQLi\Connection->execute('INSERT INTO `em...')
#2 C:\wamp64\www\project1\system\Database\BaseConnection.php(598): CodeIgniter\Database\BaseConnection->simpleQuery('INSERT INTO `em...')
#3 C:\wamp64\www\project1\system\Database\BaseBuilder.php(1759): CodeIgniter\Database\BaseConnection->query('INSERT INTO `em...', Array, false)
#4 C:\wamp64\www\project1\system\Model.php(239): CodeIgniter\Database\BaseBuilder->insert()
#5 C:\wamp64\www\project1\system\BaseModel.php(738): CodeIgniter\Model->doInsert(Array)
#6 C:\wamp64\www\project1\system\Model.php(620): CodeIgniter\BaseModel->insert(Array, false)
#7 C:\wamp64\www\project1\system\BaseModel.php(658): CodeIgniter\Model->insert(Array, false)
#8 C:\wamp64\www\project1\app\Controllers\EmployeeController.php(47): CodeIgniter\BaseModel->save(Array)
#9 C:\wamp64\www\project1\system\CodeIgniter.php(824): App\Controllers\EmployeeController->store()
#10 C:\wamp64\www\project1\system\CodeIgniter.php(410): CodeIgniter\CodeIgniter->runController(Object(App\Controllers\EmployeeController))
#11 C:\wamp64\www\project1\system\CodeIgniter.php(318): CodeIgniter\CodeIgniter->handleRequest(NULL, Object(Config\Cache), false)
#12 C:\wamp64\www\project1\public\index.php(37): CodeIgniter\CodeIgniter->run()
#13 C:\wamp64\www\project1\system\Commands\Server\rewrite.php(43): require_once('C:\\wamp64\\www\\p...')
#14 {main}
ERROR - 2021-12-05 03:21:19 --> Duplicate entry 'malek1@gmail.com' for key 'employees.email'
CRITICAL - 2021-12-05 03:21:19 --> Duplicate entry 'malek1@gmail.com' for key 'employees.email'
#0 C:\wamp64\www\project1\system\Database\MySQLi\Connection.php(292): mysqli->query('INSERT INTO `em...', 0)
#1 C:\wamp64\www\project1\system\Database\BaseConnection.php(670): CodeIgniter\Database\MySQLi\Connection->execute('INSERT INTO `em...')
#2 C:\wamp64\www\project1\system\Database\BaseConnection.php(598): CodeIgniter\Database\BaseConnection->simpleQuery('INSERT INTO `em...')
#3 C:\wamp64\www\project1\system\Database\BaseBuilder.php(1759): CodeIgniter\Database\BaseConnection->query('INSERT INTO `em...', Array, false)
#4 C:\wamp64\www\project1\system\Model.php(239): CodeIgniter\Database\BaseBuilder->insert()
#5 C:\wamp64\www\project1\system\BaseModel.php(738): CodeIgniter\Model->doInsert(Array)
#6 C:\wamp64\www\project1\system\Model.php(620): CodeIgniter\BaseModel->insert(Array, false)
#7 C:\wamp64\www\project1\system\BaseModel.php(658): CodeIgniter\Model->insert(Array, false)
#8 C:\wamp64\www\project1\app\Controllers\EmployeeController.php(76): CodeIgniter\BaseModel->save(Array)
#9 C:\wamp64\www\project1\system\CodeIgniter.php(824): App\Controllers\EmployeeController->store()
#10 C:\wamp64\www\project1\system\CodeIgniter.php(410): CodeIgniter\CodeIgniter->runController(Object(App\Controllers\EmployeeController))
#11 C:\wamp64\www\project1\system\CodeIgniter.php(318): CodeIgniter\CodeIgniter->handleRequest(NULL, Object(Config\Cache), false)
#12 C:\wamp64\www\project1\public\index.php(37): CodeIgniter\CodeIgniter->run()
#13 C:\wamp64\www\project1\system\Commands\Server\rewrite.php(43): require_once('C:\\wamp64\\www\\p...')
#14 {main}
ERROR - 2021-12-05 03:21:40 --> Duplicate entry '0199999999' for key 'employees.phone'
CRITICAL - 2021-12-05 03:21:40 --> Duplicate entry '0199999999' for key 'employees.phone'
#0 C:\wamp64\www\project1\system\Database\MySQLi\Connection.php(292): mysqli->query('INSERT INTO `em...', 0)
#1 C:\wamp64\www\project1\system\Database\BaseConnection.php(670): CodeIgniter\Database\MySQLi\Connection->execute('INSERT INTO `em...')
#2 C:\wamp64\www\project1\system\Database\BaseConnection.php(598): CodeIgniter\Database\BaseConnection->simpleQuery('INSERT INTO `em...')
#3 C:\wamp64\www\project1\system\Database\BaseBuilder.php(1759): CodeIgniter\Database\BaseConnection->query('INSERT INTO `em...', Array, false)
#4 C:\wamp64\www\project1\system\Model.php(239): CodeIgniter\Database\BaseBuilder->insert()
#5 C:\wamp64\www\project1\system\BaseModel.php(738): CodeIgniter\Model->doInsert(Array)
#6 C:\wamp64\www\project1\system\Model.php(620): CodeIgniter\BaseModel->insert(Array, false)
#7 C:\wamp64\www\project1\system\BaseModel.php(658): CodeIgniter\Model->insert(Array, false)
#8 C:\wamp64\www\project1\app\Controllers\EmployeeController.php(76): CodeIgniter\BaseModel->save(Array)
#9 C:\wamp64\www\project1\system\CodeIgniter.php(824): App\Controllers\EmployeeController->store()
#10 C:\wamp64\www\project1\system\CodeIgniter.php(410): CodeIgniter\CodeIgniter->runController(Object(App\Controllers\EmployeeController))
#11 C:\wamp64\www\project1\system\CodeIgniter.php(318): CodeIgniter\CodeIgniter->handleRequest(NULL, Object(Config\Cache), false)
#12 C:\wamp64\www\project1\public\index.php(37): CodeIgniter\CodeIgniter->run()
#13 C:\wamp64\www\project1\system\Commands\Server\rewrite.php(43): require_once('C:\\wamp64\\www\\p...')
#14 {main}
